######################BEGIN######################
Exporting UV texture coordinates for socle
Exporting socle
Header Information
Ident: IDP3
Version: 15
Name: custom/coat_stand.md3
Flags: 0
Number of Frames: 1
Number of Tags: 0
Number of Surfaces: 1
Number of Skins: 0
Offset Frames: 108
Offset Tags: 164
Offset Surfaces: 164
Offset end: 204476
Total Shaders: 1
Total Triangles: 9534
Total Vertices: 5608
MD3 saved to /media/data/repos/dm-lab/assets/models/custom/coat_stand.md3
Elapsed 4.34389 seconds
